2024-10-14 13:15:26,041 - INFO - Processing track: Single Ladies (Put a Ring on It) by Beyoncé
2024-10-14 13:15:28,586 - INFO - Genius URL: https://genius.com/Beyonce-single-ladies-put-a-ring-on-it-lyrics
2024-10-14 13:15:28,587 - INFO - Successfully processed and saved track: Single Ladies (Put a Ring on It) by Beyoncé
2024-10-14 13:15:28,587 - INFO - Processing track: Like a Prayer by Madonna
2024-10-14 13:15:31,395 - INFO - Genius URL: https://genius.com/Madonna-like-a-prayer-lyrics
2024-10-14 13:15:31,399 - INFO - Successfully processed and saved track: Like a Prayer by Madonna
2024-10-14 13:15:31,399 - INFO - Processing track: Crazy for You by Madonna
2024-10-14 13:15:35,314 - INFO - Genius URL: https://genius.com/Madonna-crazy-for-you-lyrics
2024-10-14 13:15:35,315 - INFO - Successfully processed and saved track: Crazy for You by Madonna
2024-10-14 13:15:35,315 - INFO - Processing track: Rocket Man (I Think It's Going To Be A Long, Long Time) by Elton John
2024-10-14 13:15:40,340 - INFO - Genius URL: https://genius.com/Elton-john-rocket-man-i-think-its-going-to-be-a-long-long-time-lyrics
2024-10-14 13:15:40,341 - INFO - Successfully processed and saved track: Rocket Man (I Think It's Going To Be A Long, Long Time) by Elton John
2024-10-14 13:15:40,341 - INFO - Processing track: Goodbye Yellow Brick Road by Elton John
2024-10-14 13:15:45,288 - INFO - Genius URL: https://genius.com/Elton-john-goodbye-yellow-brick-road-lyrics
2024-10-14 13:15:45,288 - INFO - Successfully processed and saved track: Goodbye Yellow Brick Road by Elton John
2024-10-14 13:15:45,288 - INFO - Processing track: Bennie And The Jets by Elton John
2024-10-14 13:15:50,531 - INFO - Genius URL: https://genius.com/Elton-john-bennie-and-the-jets-lyrics
2024-10-14 13:15:50,532 - INFO - Successfully processed and saved track: Bennie And The Jets by Elton John
2024-10-14 13:15:50,532 - INFO - Processing track: Because You Loved Me (Theme from "Up Close and Personal") by Celine Dion
2024-10-14 13:15:51,991 - INFO - Genius URL: https://genius.com/Celine-dion-because-you-loved-me-theme-from-up-close-and-personal-lyrics
2024-10-14 13:15:51,995 - INFO - Successfully processed and saved track: Because You Loved Me (Theme from "Up Close and Personal") by Celine Dion
2024-10-14 13:15:51,995 - INFO - Processing track: It's All Coming Back to Me Now by Celine Dion
2024-10-14 13:15:54,101 - INFO - Genius URL: https://genius.com/Celine-dion-its-all-coming-back-to-me-now-lyrics
2024-10-14 13:15:54,107 - INFO - Successfully processed and saved track: It's All Coming Back to Me Now by Celine Dion
2024-10-14 13:15:54,107 - INFO - Processing track: The Power of Love by Celine Dion
2024-10-14 13:15:56,792 - INFO - Genius URL: https://genius.com/Celine-dion-the-power-of-love-lyrics
2024-10-14 13:15:56,793 - INFO - Successfully processed and saved track: The Power of Love by Celine Dion
2024-10-14 13:15:56,793 - INFO - Processing track: Set My Heart On Fire (I'm Alive x And The Beat Goes On) by Celine Dion
2024-10-14 13:15:58,952 - INFO - Genius URL: https://genius.com/Majestic-the-jammin-kid-and-celine-dion-set-my-heart-on-fire-im-alive-x-and-the-beat-goes-on-lyrics
2024-10-14 13:15:58,953 - INFO - Successfully processed and saved track: Set My Heart On Fire (I'm Alive x And The Beat Goes On) by Celine Dion
2024-10-14 13:15:58,953 - INFO - Processing track: I'm Alive by Celine Dion
2024-10-14 13:16:01,913 - INFO - Genius URL: https://genius.com/Celine-dion-im-alive-lyrics
2024-10-14 13:16:01,914 - INFO - Successfully processed and saved track: I'm Alive by Celine Dion
2024-10-14 13:16:01,914 - INFO - Processing track: That's the Way It Is by Celine Dion
2024-10-14 13:16:05,883 - INFO - Genius URL: https://genius.com/Celine-dion-thats-the-way-it-is-lyrics
2024-10-14 13:16:05,884 - INFO - Successfully processed and saved track: That's the Way It Is by Celine Dion
2024-10-14 13:16:05,885 - INFO - Processing track: All By Myself by Celine Dion
2024-10-14 13:16:07,968 - INFO - Genius URL: https://genius.com/Celine-dion-all-by-myself-lyrics
2024-10-14 13:16:07,969 - INFO - Successfully processed and saved track: All By Myself by Celine Dion
2024-10-14 13:16:07,969 - INFO - Processing track: Ashes by Celine Dion
2024-10-14 13:16:09,962 - INFO - Genius URL: https://genius.com/Celine-dion-ashes-lyrics
2024-10-14 13:16:09,963 - INFO - Successfully processed and saved track: Ashes by Celine Dion
2024-10-14 13:16:09,963 - INFO - Processing track: Pour que tu m'aimes encore by Celine Dion
2024-10-14 13:16:13,259 - INFO - Genius URL: https://genius.com/Celine-dion-pour-que-tu-maimes-encore-lyrics
2024-10-14 13:16:13,261 - INFO - Successfully processed and saved track: Pour que tu m'aimes encore by Celine Dion
2024-10-14 13:16:13,261 - INFO - Processing track: Corazon Sin Cara by Prince Royce
2024-10-14 13:16:15,915 - INFO - Genius URL: https://genius.com/Prince-royce-corazon-sin-cara-lyrics
2024-10-14 13:16:15,916 - INFO - Successfully processed and saved track: Corazon Sin Cara by Prince Royce
2024-10-14 13:16:15,916 - INFO - Processing track: La Carretera by Prince Royce
2024-10-14 13:16:18,021 - INFO - Genius URL: https://genius.com/Prince-royce-la-carretera-lyrics
2024-10-14 13:16:18,028 - INFO - Successfully processed and saved track: La Carretera by Prince Royce
2024-10-14 13:16:18,028 - INFO - Processing track: Darte un Beso by Prince Royce
2024-10-14 13:16:20,594 - INFO - Genius URL: https://genius.com/Prince-royce-darte-un-beso-lyrics
2024-10-14 13:16:20,595 - INFO - Successfully processed and saved track: Darte un Beso by Prince Royce
2024-10-14 13:16:20,595 - INFO - Processing track: Rechazame by Prince Royce
2024-10-14 13:16:23,054 - INFO - Genius URL: https://genius.com/Prince-royce-rechazame-lyrics
2024-10-14 13:16:23,056 - INFO - Successfully processed and saved track: Rechazame by Prince Royce
2024-10-14 13:16:23,056 - INFO - Processing track: Sensualidad by Prince Royce
2024-10-14 13:16:25,937 - INFO - Genius URL: https://genius.com/Bad-bunny-prince-royce-and-j-balvin-sensualidad-lyrics
2024-10-14 13:16:25,939 - INFO - Successfully processed and saved track: Sensualidad by Prince Royce
2024-10-14 13:16:25,939 - INFO - Processing track: Deja vu by Prince Royce
2024-10-14 13:16:28,408 - INFO - Genius URL: https://genius.com/Prince-royce-deja-vu-lyrics
2024-10-14 13:16:28,410 - INFO - Successfully processed and saved track: Deja vu by Prince Royce
2024-10-14 13:16:28,410 - INFO - Processing track: Bubalu by Prince Royce
2024-10-14 13:16:30,787 - INFO - Genius URL: https://genius.com/Anuel-aa-mambo-kingz-and-dj-luian-bubalu-lyrics
2024-10-14 13:16:30,790 - INFO - Successfully processed and saved track: Bubalu by Prince Royce
2024-10-14 13:16:30,790 - INFO - Processing track: El Amor Que Perdimos by Prince Royce
2024-10-14 13:16:32,726 - INFO - Genius URL: https://genius.com/Prince-royce-el-amor-que-perdimos-lyrics
2024-10-14 13:16:32,734 - INFO - Successfully processed and saved track: El Amor Que Perdimos by Prince Royce
2024-10-14 13:16:32,735 - INFO - Processing track: TU FEO by Prince Royce
2024-10-14 13:16:35,136 - INFO - Genius URL: https://genius.com/Lenny-tavarez-and-prince-royce-tu-feo-lyrics
2024-10-14 13:16:35,136 - WARNING - Lyrics for song 'TU FEO' do not contain session headers.
2024-10-14 13:16:35,138 - INFO - Successfully processed and saved track: TU FEO by Prince Royce
2024-10-14 13:16:35,138 - INFO - Processing track: Color Esperanza 2020 by Prince Royce
2024-10-14 13:16:37,598 - INFO - Genius URL: https://genius.com/Various-artists-color-esperanza-2020-lyrics
2024-10-14 13:16:37,600 - INFO - Successfully processed and saved track: Color Esperanza 2020 by Prince Royce
2024-10-14 13:16:37,600 - INFO - Processing track: Surfin' U.S.A. by The Beach Boys
2024-10-14 13:16:42,898 - INFO - Genius URL: https://genius.com/The-beach-boys-surfin-usa-lyrics
2024-10-14 13:16:42,899 - INFO - Successfully processed and saved track: Surfin' U.S.A. by The Beach Boys
2024-10-14 13:16:42,900 - INFO - Processing track: Good Vibrations by The Beach Boys
2024-10-14 13:16:46,760 - INFO - Genius URL: https://genius.com/The-beach-boys-good-vibrations-lyrics
2024-10-14 13:16:46,761 - INFO - Successfully processed and saved track: Good Vibrations by The Beach Boys
2024-10-14 13:16:46,761 - INFO - Processing track: God Only Knows by The Beach Boys
2024-10-14 13:16:53,285 - INFO - Genius URL: https://genius.com/The-beach-boys-god-only-knows-lyrics
2024-10-14 13:16:53,287 - INFO - Successfully processed and saved track: God Only Knows by The Beach Boys
2024-10-14 13:16:53,287 - INFO - Processing track: Don't Worry Baby by The Beach Boys
2024-10-14 13:16:59,732 - INFO - Genius URL: https://genius.com/The-beach-boys-dont-worry-baby-lyrics
2024-10-14 13:16:59,734 - INFO - Successfully processed and saved track: Don't Worry Baby by The Beach Boys
2024-10-14 13:16:59,734 - INFO - Processing track: California Girls by The Beach Boys
2024-10-14 13:17:06,220 - INFO - Genius URL: https://genius.com/The-beach-boys-california-girls-lyrics
2024-10-14 13:17:06,222 - INFO - Successfully processed and saved track: California Girls by The Beach Boys
2024-10-14 13:17:06,222 - INFO - Processing track: Back To You by Selena Gomez
2024-10-14 13:17:11,500 - INFO - Genius URL: https://genius.com/Selena-gomez-back-to-you-lyrics
2024-10-14 13:17:11,508 - INFO - Successfully processed and saved track: Back To You by Selena Gomez
2024-10-14 13:17:11,508 - INFO - Processing track: Scream by Michael Jackson
2024-10-14 13:17:15,762 - INFO - Genius URL: https://genius.com/Michael-jackson-scream-lyrics
2024-10-14 13:17:15,763 - INFO - Successfully processed and saved track: Scream by Michael Jackson
2024-10-14 13:17:15,763 - INFO - Processing track: Rolling in the Deep by Adele
2024-10-14 13:17:19,467 - INFO - Genius URL: https://genius.com/Adele-rolling-in-the-deep-lyrics
2024-10-14 13:17:19,469 - INFO - Successfully processed and saved track: Rolling in the Deep by Adele
2024-10-14 13:17:19,469 - INFO - Processing track: Someone Like You by Adele
2024-10-14 13:17:21,938 - INFO - Genius URL: https://genius.com/Adele-someone-like-you-lyrics
2024-10-14 13:17:21,939 - INFO - Successfully processed and saved track: Someone Like You by Adele
2024-10-14 13:17:21,939 - INFO - Processing track: Set Fire to the Rain by Adele
2024-10-14 13:17:24,614 - INFO - Genius URL: https://genius.com/Adele-set-fire-to-the-rain-lyrics
2024-10-14 13:17:24,616 - INFO - Successfully processed and saved track: Set Fire to the Rain by Adele
2024-10-14 13:17:24,617 - INFO - Processing track: Chasing Pavements by Adele
2024-10-14 13:17:27,256 - INFO - Genius URL: https://genius.com/Adele-chasing-pavements-lyrics
2024-10-14 13:17:27,258 - INFO - Successfully processed and saved track: Chasing Pavements by Adele
2024-10-14 13:17:27,258 - INFO - Processing track: Skyfall by Adele
2024-10-14 13:17:33,220 - INFO - Genius URL: https://genius.com/Adele-skyfall-lyrics
2024-10-14 13:17:33,222 - INFO - Successfully processed and saved track: Skyfall by Adele
2024-10-14 13:17:33,222 - INFO - Processing track: Rumour Has It by Adele
2024-10-14 13:17:39,129 - INFO - Genius URL: https://genius.com/Adele-rumour-has-it-lyrics
2024-10-14 13:17:39,131 - INFO - Successfully processed and saved track: Rumour Has It by Adele
2024-10-14 13:17:39,131 - INFO - Processing track: One and Only by Adele
2024-10-14 13:17:42,937 - INFO - Genius URL: https://genius.com/Adele-one-and-only-lyrics
2024-10-14 13:17:42,940 - INFO - Successfully processed and saved track: One and Only by Adele
2024-10-14 13:17:42,940 - INFO - Processing track: Hello by Adele
2024-10-14 13:17:45,612 - INFO - Genius URL: https://genius.com/Adele-hello-lyrics
2024-10-14 13:17:45,613 - INFO - Successfully processed and saved track: Hello by Adele
2024-10-14 13:17:45,613 - INFO - Processing track: Hometown Glory by Adele
2024-10-14 13:17:48,297 - INFO - Genius URL: https://genius.com/Adele-hometown-glory-lyrics
2024-10-14 13:17:48,299 - INFO - Successfully processed and saved track: Hometown Glory by Adele
2024-10-14 13:17:48,300 - INFO - Processing track: Make You Feel My Love by Adele
2024-10-14 13:17:51,659 - INFO - Genius URL: https://genius.com/Adele-make-you-feel-my-love-lyrics
2024-10-14 13:17:51,661 - INFO - Successfully processed and saved track: Make You Feel My Love by Adele
2024-10-14 13:17:51,661 - INFO - Processing track: Feel This Moment by Pitbull
2024-10-14 13:17:57,205 - INFO - Genius URL: https://genius.com/Pitbull-feel-this-moment-lyrics
2024-10-14 13:17:57,208 - INFO - Successfully processed and saved track: Feel This Moment by Pitbull
2024-10-14 13:17:57,208 - INFO - Processing track: Lady Marmalade by Lil’ Kim, Mýa, Christina Aguilera & P!nk
2024-10-14 13:18:00,795 - INFO - Genius URL: https://genius.com/Lil-kim-mya-christina-aguilera-and-p-nk-lady-marmalade-lyrics
2024-10-14 13:18:00,798 - INFO - Successfully processed and saved track: Lady Marmalade by Lil’ Kim, Mýa, Christina Aguilera & P!nk
2024-10-14 13:18:00,798 - INFO - Processing track: El Ultimo Adiós by Various Artists
2024-10-14 13:18:00,956 - WARNING - Track not found on Spotify: El Ultimo Adiós by Various Artists
2024-10-14 13:18:00,956 - INFO - Processing track: Pain by PinkPantheress
2024-10-14 13:18:05,411 - INFO - Genius URL: https://genius.com/Pinkpantheress-pain-lyrics
2024-10-14 13:18:05,414 - INFO - Successfully processed and saved track: Pain by PinkPantheress
2024-10-14 13:18:05,414 - INFO - Processing track: Boy's a liar Pt. 2 by PinkPantheress
2024-10-14 13:18:10,158 - INFO - Genius URL: https://genius.com/Pinkpantheress-and-ice-spice-boys-a-liar-pt-2-lyrics
2024-10-14 13:18:10,160 - INFO - Successfully processed and saved track: Boy's a liar Pt. 2 by PinkPantheress
2024-10-14 13:18:10,160 - INFO - Processing track: Attracted to You by PinkPantheress
2024-10-14 13:18:11,821 - INFO - Genius URL: https://genius.com/Pinkpantheress-attracted-to-you-lyrics
2024-10-14 13:18:11,822 - INFO - Successfully processed and saved track: Attracted to You by PinkPantheress
2024-10-14 13:18:11,822 - INFO - Processing track: I Must Apologise by PinkPantheress
2024-10-14 13:18:13,850 - INFO - Genius URL: https://genius.com/Pinkpantheress-i-must-apologise-lyrics
2024-10-14 13:18:13,852 - INFO - Successfully processed and saved track: I Must Apologise by PinkPantheress
2024-10-14 13:18:13,852 - INFO - Processing track: Boy's a Liar by PinkPantheress
2024-10-14 13:18:17,086 - INFO - Genius URL: https://genius.com/Pinkpantheress-boys-a-liar-lyrics
2024-10-14 13:18:17,087 - INFO - Successfully processed and saved track: Boy's a Liar by PinkPantheress
2024-10-14 13:18:17,088 - INFO - Processing track: Turn it up by PinkPantheress
2024-10-14 13:18:20,149 - INFO - Genius URL: https://genius.com/Pinkpantheress-turn-it-up-lyrics
2024-10-14 13:18:20,152 - INFO - Successfully processed and saved track: Turn it up by PinkPantheress
2024-10-14 13:18:20,152 - INFO - Processing track: CRAZY by PinkPantheress
2024-10-14 13:18:22,847 - INFO - Genius URL: https://genius.com/Le-sserafim-crazy-feat-pinkpantheress-lyrics
2024-10-14 13:18:22,850 - INFO - Successfully processed and saved track: CRAZY by PinkPantheress
2024-10-14 13:18:22,850 - INFO - Processing track: Just for Me by PinkPantheress
2024-10-14 13:18:26,947 - INFO - Genius URL: https://genius.com/Pinkpantheress-just-for-me-lyrics
2024-10-14 13:18:26,949 - INFO - Successfully processed and saved track: Just for Me by PinkPantheress
2024-10-14 13:18:26,949 - INFO - Processing track: Snap My Finger by PinkPantheress
2024-10-14 13:18:30,043 - INFO - Genius URL: https://genius.com/Kaytranada-snap-my-finger-lyrics
2024-10-14 13:18:30,046 - INFO - Successfully processed and saved track: Snap My Finger by PinkPantheress
2024-10-14 13:18:30,046 - INFO - Processing track: Stronger (What Doesn't Kill You) by Kelly Clarkson
2024-10-14 13:18:33,198 - INFO - Genius URL: https://genius.com/Kelly-clarkson-stronger-what-doesnt-kill-you-lyrics
2024-10-14 13:18:33,201 - INFO - Successfully processed and saved track: Stronger (What Doesn't Kill You) by Kelly Clarkson
2024-10-14 13:18:33,201 - INFO - Processing track: I Gotta Feeling by Black Eyed Peas
2024-10-14 13:18:37,765 - INFO - Genius URL: https://genius.com/Black-eyed-peas-i-gotta-feeling-lyrics
2024-10-14 13:18:37,768 - INFO - Successfully processed and saved track: I Gotta Feeling by Black Eyed Peas
2024-10-14 13:18:37,769 - INFO - Processing track: Meet Me Halfway by Black Eyed Peas
2024-10-14 13:18:40,172 - INFO - Genius URL: https://genius.com/Black-eyed-peas-meet-me-halfway-lyrics
2024-10-14 13:18:40,175 - INFO - Successfully processed and saved track: Meet Me Halfway by Black Eyed Peas
2024-10-14 13:18:40,175 - INFO - Processing track: Where Is The Love? by Black Eyed Peas
2024-10-14 13:18:43,056 - INFO - Genius URL: https://genius.com/Black-eyed-peas-where-is-the-love-lyrics
2024-10-14 13:18:43,066 - INFO - Successfully processed and saved track: Where Is The Love? by Black Eyed Peas
2024-10-14 13:18:43,069 - INFO - Processing track: Pump It by Black Eyed Peas
2024-10-14 13:18:45,506 - INFO - Genius URL: https://genius.com/Black-eyed-peas-pump-it-lyrics
2024-10-14 13:18:45,509 - INFO - Successfully processed and saved track: Pump It by Black Eyed Peas
2024-10-14 13:18:45,509 - INFO - Processing track: Just Can’t Get Enough by Black Eyed Peas
2024-10-14 13:18:49,330 - INFO - Genius URL: https://genius.com/Black-eyed-peas-just-cant-get-enough-lyrics
2024-10-14 13:18:49,332 - INFO - Successfully processed and saved track: Just Can’t Get Enough by Black Eyed Peas
2024-10-14 13:18:49,332 - INFO - Processing track: My Humps by Black Eyed Peas
2024-10-14 13:18:51,511 - INFO - Genius URL: https://genius.com/Black-eyed-peas-my-humps-lyrics
2024-10-14 13:18:51,514 - INFO - Successfully processed and saved track: My Humps by Black Eyed Peas
2024-10-14 13:18:51,514 - INFO - Processing track: Boom Boom Pow by Black Eyed Peas
2024-10-14 13:18:57,052 - INFO - Genius URL: https://genius.com/Black-eyed-peas-boom-boom-pow-lyrics
2024-10-14 13:18:57,055 - INFO - Successfully processed and saved track: Boom Boom Pow by Black Eyed Peas
2024-10-14 13:18:57,055 - INFO - Processing track: The Time (Dirty Bit) by Black Eyed Peas
2024-10-14 13:19:01,657 - INFO - Genius URL: https://genius.com/Black-eyed-peas-the-time-dirty-bit-lyrics
2024-10-14 13:19:01,660 - INFO - Successfully processed and saved track: The Time (Dirty Bit) by Black Eyed Peas
2024-10-14 13:19:01,660 - INFO - Processing track: Wannabe (Tell Me What You Want) by Spice Girls
2024-10-14 13:19:01,831 - WARNING - Track not found on Spotify: Wannabe (Tell Me What You Want) by Spice Girls
2024-10-14 13:19:01,831 - INFO - Processing track: The Shoop Shoop Song (It's In His Kiss) by Cher
2024-10-14 13:19:06,122 - INFO - Genius URL: https://genius.com/Cher-the-shoop-shoop-song-its-in-his-kiss-lyrics
2024-10-14 13:19:06,125 - INFO - Successfully processed and saved track: The Shoop Shoop Song (It's In His Kiss) by Cher
2024-10-14 13:19:06,125 - INFO - Processing track: Super Trouper by Cast Of “Mamma Mia! Here We Go Again”
2024-10-14 13:19:08,265 - INFO - Genius URL: https://genius.com/Cast-of-mamma-mia-here-we-go-again-super-trouper-lyrics
2024-10-14 13:19:08,269 - INFO - Successfully processed and saved track: Super Trouper by Cast Of “Mamma Mia! Here We Go Again”
2024-10-14 13:19:08,269 - INFO - Processing track: Waka Waka (This Time for Africa) by Shakira
2024-10-14 13:19:10,391 - INFO - Genius URL: https://genius.com/Shakira-waka-waka-this-time-for-africa-lyrics
2024-10-14 13:19:10,394 - INFO - Successfully processed and saved track: Waka Waka (This Time for Africa) by Shakira
2024-10-14 13:19:10,394 - INFO - Processing track: Bye Bye Bye by *NSYNC
2024-10-14 13:19:13,695 - INFO - Genius URL: https://genius.com/Nsync-bye-bye-bye-lyrics
2024-10-14 13:19:13,699 - INFO - Successfully processed and saved track: Bye Bye Bye by *NSYNC
2024-10-14 13:19:13,699 - INFO - Processing track: It's Gonna Be Me by *NSYNC
2024-10-14 13:19:15,680 - INFO - Genius URL: https://genius.com/Nsync-its-gonna-be-me-lyrics
2024-10-14 13:19:15,684 - INFO - Successfully processed and saved track: It's Gonna Be Me by *NSYNC
2024-10-14 13:19:15,684 - INFO - Processing track: Better Place by *NSYNC
2024-10-14 13:19:18,717 - INFO - Genius URL: https://genius.com/Nsync-better-place-lyrics
2024-10-14 13:19:18,719 - INFO - Successfully processed and saved track: Better Place by *NSYNC
2024-10-14 13:19:18,720 - INFO - Processing track: This I Promise You by *NSYNC
2024-10-14 13:19:20,634 - INFO - Genius URL: https://genius.com/Nsync-this-i-promise-you-lyrics
2024-10-14 13:19:20,637 - INFO - Successfully processed and saved track: This I Promise You by *NSYNC
2024-10-14 13:19:20,637 - INFO - Processing track: Better Place (Reunion) by *NSYNC
2024-10-14 13:19:23,336 - INFO - Genius URL: https://genius.com/Nsync-eric-andre-daveed-diggs-troye-sivan-and-kid-cudi-better-place-reunion-lyrics
2024-10-14 13:19:23,339 - INFO - Successfully processed and saved track: Better Place (Reunion) by *NSYNC
2024-10-14 13:19:23,340 - INFO - Processing track: Pop by *NSYNC
2024-10-14 13:19:25,383 - INFO - Genius URL: https://genius.com/Nsync-pop-lyrics
2024-10-14 13:19:25,386 - INFO - Successfully processed and saved track: Pop by *NSYNC
2024-10-14 13:19:25,386 - INFO - Processing track: Girlfriend by *NSYNC
2024-10-14 13:19:27,792 - INFO - Genius URL: https://genius.com/Nsync-girlfriend-lyrics
2024-10-14 13:19:27,797 - INFO - Successfully processed and saved track: Girlfriend by *NSYNC
2024-10-14 13:19:27,797 - INFO - Processing track: I Drive Myself Crazy by *NSYNC
2024-10-14 13:19:30,996 - INFO - Genius URL: https://genius.com/Nsync-i-drive-myself-crazy-lyrics
2024-10-14 13:19:30,999 - INFO - Successfully processed and saved track: I Drive Myself Crazy by *NSYNC
2024-10-14 13:19:30,999 - INFO - Processing track: The Goonies 'R' Good Enough by Cyndi Lauper
2024-10-14 13:19:33,037 - INFO - Genius URL: https://genius.com/Cyndi-lauper-the-goonies-r-good-enough-lyrics
2024-10-14 13:19:33,041 - INFO - Successfully processed and saved track: The Goonies 'R' Good Enough by Cyndi Lauper
2024-10-14 13:19:33,041 - INFO - Processing track: This Is Me by Demi Lovato
2024-10-14 13:19:35,608 - INFO - Genius URL: https://genius.com/Demi-lovato-and-joe-jonas-this-is-me-lyrics
2024-10-14 13:19:35,612 - INFO - Successfully processed and saved track: This Is Me by Demi Lovato
2024-10-14 13:19:35,612 - INFO - Processing track: Motivation by Kelly Rowland
2024-10-14 13:19:38,084 - INFO - Genius URL: https://genius.com/Kelly-rowland-motivation-lyrics
2024-10-14 13:19:38,088 - INFO - Successfully processed and saved track: Motivation by Kelly Rowland
2024-10-14 13:19:38,088 - INFO - Processing track: Like This (feat. Eve) by Kelly Rowland
2024-10-14 13:19:41,762 - INFO - Genius URL: https://genius.com/Kelly-rowland-like-this-lyrics
2024-10-14 13:19:41,766 - INFO - Successfully processed and saved track: Like This (feat. Eve) by Kelly Rowland
2024-10-14 13:19:41,767 - INFO - Processing track: Commander by Kelly Rowland
2024-10-14 13:19:43,718 - INFO - Genius URL: https://genius.com/Kelly-rowland-commander-lyrics
2024-10-14 13:19:43,721 - INFO - Successfully processed and saved track: Commander by Kelly Rowland
2024-10-14 13:19:43,721 - INFO - Processing track: Bloody Samaritan (Remix) by Ayra Starr
2024-10-14 13:19:46,253 - INFO - Genius URL: https://genius.com/Ayra-starr-bloody-samaritan-remix-lyrics
2024-10-14 13:19:46,257 - INFO - Successfully processed and saved track: Bloody Samaritan (Remix) by Ayra Starr
2024-10-14 13:19:46,257 - INFO - Processing track: Kisses Down Low by Kelly Rowland
2024-10-14 13:19:48,620 - INFO - Genius URL: https://genius.com/Kelly-rowland-kisses-down-low-lyrics
2024-10-14 13:19:48,633 - INFO - Successfully processed and saved track: Kisses Down Low by Kelly Rowland
2024-10-14 13:19:48,633 - INFO - Processing track: Stole by Kelly Rowland
2024-10-14 13:19:50,574 - INFO - Genius URL: https://genius.com/Kelly-rowland-stole-lyrics
2024-10-14 13:19:50,579 - INFO - Successfully processed and saved track: Stole by Kelly Rowland
2024-10-14 13:19:50,579 - INFO - Processing track: Finally (Cannot Hide It) by Amorphous, Kelly Rowland & CeCe Peniston
2024-10-14 13:19:53,744 - INFO - Genius URL: https://genius.com/Amorphous-kelly-rowland-and-cece-peniston-finally-cannot-hide-it-lyrics
2024-10-14 13:19:53,749 - INFO - Successfully processed and saved track: Finally (Cannot Hide It) by Amorphous, Kelly Rowland & CeCe Peniston
2024-10-14 13:19:53,749 - INFO - Processing track: Lay It On Me by Kelly Rowland
2024-10-14 13:19:59,685 - INFO - Genius URL: https://genius.com/Kelly-rowland-lay-it-on-me-lyrics
2024-10-14 13:19:59,690 - INFO - Successfully processed and saved track: Lay It On Me by Kelly Rowland
2024-10-14 13:19:59,690 - INFO - Processing track: ICE by Kelly Rowland
2024-10-14 13:20:02,798 - INFO - Genius URL: https://genius.com/Kelly-rowland-ice-lyrics
2024-10-14 13:20:02,803 - INFO - Successfully processed and saved track: ICE by Kelly Rowland
2024-10-14 13:20:02,803 - INFO - Processing track: Introducing Me by Nick Jonas
2024-10-14 13:20:07,171 - INFO - Genius URL: https://genius.com/Nick-jonas-introducing-me-lyrics
2024-10-14 13:20:07,176 - INFO - Successfully processed and saved track: Introducing Me by Nick Jonas
2024-10-14 13:20:07,176 - INFO - Processing track: This is Our Song by Nick Jonas
2024-10-14 13:20:10,558 - INFO - Genius URL: https://genius.com/Joe-jonas-demi-lovato-alyson-stoner-and-nick-jonas-this-is-our-song-lyrics
2024-10-14 13:20:10,559 - WARNING - Lyrics for song 'This is Our Song' do not contain session headers.
2024-10-14 13:20:10,563 - INFO - Successfully processed and saved track: This is Our Song by Nick Jonas
2024-10-14 13:20:10,563 - INFO - Processing track: Moves Like Jagger by Maroon 5
2024-10-14 13:20:12,253 - INFO - Genius URL: https://genius.com/Maroon-5-moves-like-jagger-lyrics
2024-10-14 13:20:12,257 - INFO - Successfully processed and saved track: Moves Like Jagger by Maroon 5
2024-10-14 13:20:12,257 - INFO - Processing track: Angel Numbers / Ten Toes by Chris Brown
2024-10-14 13:20:13,691 - INFO - Genius URL: https://genius.com/Chris-brown-angel-numbers-ten-toes-lyrics
2024-10-14 13:20:13,695 - INFO - Successfully processed and saved track: Angel Numbers / Ten Toes by Chris Brown
2024-10-14 13:20:13,695 - INFO - Processing track: iPad by The Chainsmokers
2024-10-14 13:20:16,910 - INFO - Genius URL: https://genius.com/The-chainsmokers-ipad-lyrics
2024-10-14 13:20:16,914 - INFO - Successfully processed and saved track: iPad by The Chainsmokers
2024-10-14 13:20:16,914 - INFO - Processing track: Something Different by The Chainsmokers
2024-10-14 13:20:21,117 - INFO - Genius URL: https://genius.com/The-chainsmokers-something-different-lyrics
2024-10-14 13:20:21,121 - INFO - Successfully processed and saved track: Something Different by The Chainsmokers
2024-10-14 13:20:21,121 - INFO - Processing track: Riptide by The Chainsmokers
2024-10-14 13:20:24,943 - INFO - Genius URL: https://genius.com/The-chainsmokers-riptide-lyrics
2024-10-14 13:20:24,948 - INFO - Successfully processed and saved track: Riptide by The Chainsmokers
2024-10-14 13:20:24,948 - INFO - Processing track: Outta My Head (Ay Ya Ya) by Ashlee Simpson
2024-10-14 13:20:28,203 - INFO - Genius URL: https://genius.com/Ashlee-simpson-outta-my-head-ay-ya-ya-lyrics
2024-10-14 13:20:28,207 - INFO - Successfully processed and saved track: Outta My Head (Ay Ya Ya) by Ashlee Simpson
2024-10-14 13:20:28,207 - INFO - Processing track: Club Tropicana by WHAM!
2024-10-14 13:20:32,960 - INFO - Genius URL: https://genius.com/Wham-club-tropicana-lyrics
2024-10-14 13:20:32,965 - INFO - Successfully processed and saved track: Club Tropicana by WHAM!
2024-10-14 13:20:32,965 - INFO - Processing track: A Wink and a Smile by Harry Connick, Jr.
2024-10-14 13:20:35,252 - INFO - Genius URL: https://genius.com/Harry-connick-jr-a-wink-and-a-smile-lyrics
2024-10-14 13:20:35,252 - WARNING - Lyrics for song 'A Wink and a Smile' do not contain session headers.
2024-10-14 13:20:35,256 - INFO - Successfully processed and saved track: A Wink and a Smile by Harry Connick, Jr.
2024-10-14 13:20:35,256 - INFO - Processing track: It Had to Be You by Harry Connick, Jr.
2024-10-14 13:20:38,824 - INFO - Genius URL: https://genius.com/Harry-connick-jr-it-had-to-be-you-lyrics
2024-10-14 13:20:38,828 - INFO - Successfully processed and saved track: It Had to Be You by Harry Connick, Jr.
2024-10-14 13:20:38,829 - INFO - Processing track: I Could Write a Book by Harry Connick, Jr.
2024-10-14 13:20:40,343 - INFO - Genius URL: https://genius.com/Harry-connick-jr-i-could-write-a-book-lyrics
2024-10-14 13:20:40,347 - INFO - Successfully processed and saved track: I Could Write a Book by Harry Connick, Jr.
2024-10-14 13:20:40,347 - INFO - Processing track: Find Me Falling by Harry Connick, Jr.
2024-10-14 13:20:43,547 - INFO - Genius URL: https://genius.com/Genius-lists-songs-based-on-historical-events-annotated
2024-10-14 13:20:43,563 - INFO - Successfully processed and saved track: Find Me Falling by Harry Connick, Jr.
2024-10-14 13:20:43,563 - INFO - Processing track: We Are In Love by Harry Connick, Jr.
2024-10-14 13:20:45,077 - INFO - Genius URL: https://genius.com/Harry-connick-jr-we-are-in-love-lyrics
2024-10-14 13:20:45,083 - INFO - Successfully processed and saved track: We Are In Love by Harry Connick, Jr.
2024-10-14 13:20:45,083 - INFO - Processing track: Recipe For Love by Harry Connick, Jr.
2024-10-14 13:20:46,489 - INFO - Genius URL: https://genius.com/Harry-connick-jr-recipe-for-love-lyrics
2024-10-14 13:20:46,493 - INFO - Successfully processed and saved track: Recipe For Love by Harry Connick, Jr.
2024-10-14 13:20:46,493 - INFO - Processing track: Just The Way You Are by Harry Connick, Jr.
2024-10-14 13:20:48,341 - INFO - Genius URL: https://genius.com/Harry-connick-jr-just-the-way-you-are-lyrics
2024-10-14 13:20:48,346 - INFO - Successfully processed and saved track: Just The Way You Are by Harry Connick, Jr.
2024-10-14 13:20:48,346 - INFO - Processing track: Where or When by Harry Connick, Jr.
2024-10-14 13:20:49,729 - INFO - Genius URL: https://genius.com/Harry-connick-jr-where-or-when-lyrics
2024-10-14 13:20:49,735 - INFO - Successfully processed and saved track: Where or When by Harry Connick, Jr.
2024-10-14 13:20:49,735 - INFO - Processing track: Autumn In New York by Harry Connick, Jr.
2024-10-14 13:20:51,009 - INFO - Successfully processed and saved track: Autumn In New York by Harry Connick, Jr.
2024-10-14 13:20:51,009 - INFO - Processing track: Nobody by OneRepublic
2024-10-14 13:20:54,661 - INFO - Genius URL: https://genius.com/Onerepublic-nobody-lyrics
2024-10-14 13:20:54,666 - INFO - Successfully processed and saved track: Nobody by OneRepublic
2024-10-14 13:20:54,666 - INFO - Processing track: Latch (Acoustic) by Sam Smith
2024-10-14 13:21:00,195 - INFO - Genius URL: https://genius.com/Sam-smith-latch-acoustic-lyrics
2024-10-14 13:21:00,200 - INFO - Successfully processed and saved track: Latch (Acoustic) by Sam Smith
2024-10-14 13:21:00,200 - INFO - Processing track: La La La by Naughty Boy
2024-10-14 13:21:02,285 - INFO - Genius URL: https://genius.com/Naughty-boy-la-la-la-lyrics
2024-10-14 13:21:02,290 - INFO - Successfully processed and saved track: La La La by Naughty Boy
2024-10-14 13:21:02,290 - INFO - Processing track: Cry for Help by Rick Astley
2024-10-14 13:21:03,762 - INFO - Genius URL: https://genius.com/Rick-astley-cry-for-help-lyrics
2024-10-14 13:21:03,768 - INFO - Successfully processed and saved track: Cry for Help by Rick Astley
2024-10-14 13:21:03,768 - INFO - Processing track: Snowbird by Anne Murray
2024-10-14 13:21:07,466 - INFO - Genius URL: https://genius.com/Anne-murray-snowbird-lyrics
2024-10-14 13:21:07,470 - INFO - Successfully processed and saved track: Snowbird by Anne Murray
2024-10-14 13:21:07,470 - INFO - Processing track: Dusk Till Dawn by ZAYN
2024-10-14 13:21:09,895 - INFO - Genius URL: https://genius.com/Zayn-dusk-till-dawn-lyrics
2024-10-14 13:21:09,901 - INFO - Successfully processed and saved track: Dusk Till Dawn by ZAYN
2024-10-14 13:21:09,901 - INFO - Processing track: Wild Ones by Flo Rida
2024-10-14 13:21:12,123 - INFO - Genius URL: https://genius.com/Flo-rida-wild-ones-lyrics
2024-10-14 13:21:12,129 - INFO - Successfully processed and saved track: Wild Ones by Flo Rida
2024-10-14 13:21:12,129 - INFO - Processing track: Genius by LSD
2024-10-14 13:21:15,682 - INFO - Genius URL: https://genius.com/Lsd-genius-lyrics
2024-10-14 13:21:15,687 - INFO - Successfully processed and saved track: Genius by LSD
2024-10-14 13:21:15,687 - INFO - Processing track: Hass Hass (Romanized) by Diljit Dosanjh, Sia & Greg Kurstin
2024-10-14 13:21:15,862 - WARNING - Track not found on Spotify: Hass Hass (Romanized) by Diljit Dosanjh, Sia & Greg Kurstin
2024-10-14 13:21:15,862 - INFO - Processing track: Dynamite by BTS
2024-10-14 13:21:22,198 - INFO - Genius URL: https://genius.com/Bts-dynamite-lyrics
2024-10-14 13:21:22,202 - INFO - Successfully processed and saved track: Dynamite by BTS
2024-10-14 13:21:22,202 - INFO - Processing track: Butter by BTS
2024-10-14 13:21:28,298 - INFO - Genius URL: https://genius.com/Bts-butter-lyrics
2024-10-14 13:21:28,301 - INFO - Successfully processed and saved track: Butter by BTS
2024-10-14 13:21:28,301 - INFO - Processing track: Fake Love by BTS
2024-10-14 13:21:30,973 - INFO - Genius URL: https://genius.com/Bts-fake-love-lyrics
2024-10-14 13:21:30,977 - INFO - Successfully processed and saved track: Fake Love by BTS
2024-10-14 13:21:30,977 - INFO - Processing track: Permission to Dance by BTS
2024-10-14 13:21:36,754 - INFO - Genius URL: https://genius.com/Bts-permission-to-dance-lyrics
2024-10-14 13:21:36,760 - INFO - Successfully processed and saved track: Permission to Dance by BTS
2024-10-14 13:21:36,760 - INFO - Processing track: Euphoria by BTS
2024-10-14 13:21:42,127 - INFO - Genius URL: https://genius.com/Bts-euphoria-lyrics
2024-10-14 13:21:42,133 - INFO - Successfully processed and saved track: Euphoria by BTS
2024-10-14 13:21:42,133 - INFO - Processing track: DNA by BTS
2024-10-14 13:21:47,570 - INFO - Genius URL: https://genius.com/Bts-dna-lyrics
2024-10-14 13:21:47,574 - INFO - Successfully processed and saved track: DNA by BTS
2024-10-14 13:21:47,574 - INFO - Processing track: MIC Drop (Steve Aoki Remix) by BTS
2024-10-14 13:21:51,077 - INFO - Genius URL: https://genius.com/Bts-mic-drop-steve-aoki-remix-lyrics
2024-10-14 13:21:51,096 - INFO - Successfully processed and saved track: MIC Drop (Steve Aoki Remix) by BTS
2024-10-14 13:21:51,096 - INFO - Processing track: 봄날 (Spring Day) by BTS
2024-10-14 13:21:51,262 - WARNING - Track not found on Spotify: 봄날 (Spring Day) by BTS
2024-10-14 13:21:51,262 - INFO - Processing track: Waste It On Me by BTS
2024-10-14 13:21:55,622 - INFO - Genius URL: https://genius.com/Steve-aoki-waste-it-on-me-lyrics
2024-10-14 13:21:55,627 - INFO - Successfully processed and saved track: Waste It On Me by BTS
2024-10-14 13:21:55,627 - INFO - Processing track: Magic Shop by BTS
2024-10-14 13:21:59,751 - INFO - Genius URL: https://genius.com/Bts-magic-shop-lyrics
2024-10-14 13:21:59,756 - INFO - Successfully processed and saved track: Magic Shop by BTS
2024-10-14 13:21:59,756 - INFO - Processing track: Cruel Summer by Taylor Swift
2024-10-14 13:22:04,509 - INFO - Genius URL: https://genius.com/Taylor-swift-cruel-summer-lyrics
2024-10-14 13:22:04,514 - INFO - Successfully processed and saved track: Cruel Summer by Taylor Swift
2024-10-14 13:22:04,514 - INFO - Processing track: Fortnight by Taylor Swift
2024-10-14 13:22:08,458 - INFO - Genius URL: https://genius.com/Taylor-swift-fortnight-lyrics
2024-10-14 13:22:08,462 - INFO - Successfully processed and saved track: Fortnight by Taylor Swift
2024-10-14 13:22:08,463 - INFO - Processing track: I Can Do It With a Broken Heart by Taylor Swift
2024-10-14 13:22:13,034 - INFO - Genius URL: https://genius.com/Taylor-swift-i-can-do-it-with-a-broken-heart-lyrics
2024-10-14 13:22:13,039 - INFO - Successfully processed and saved track: I Can Do It With a Broken Heart by Taylor Swift
2024-10-14 13:22:13,039 - INFO - Processing track: august by Taylor Swift
2024-10-14 13:22:18,365 - INFO - Genius URL: https://genius.com/Taylor-swift-august-lyrics
2024-10-14 13:22:18,369 - INFO - Successfully processed and saved track: august by Taylor Swift
2024-10-14 13:22:18,369 - INFO - Processing track: Lover by Taylor Swift
2024-10-14 13:22:25,582 - INFO - Genius URL: https://genius.com/Taylor-swift-lover-lyrics
2024-10-14 13:22:25,587 - INFO - Successfully processed and saved track: Lover by Taylor Swift
2024-10-14 13:22:25,587 - INFO - Processing track: cardigan by Taylor Swift
2024-10-14 13:22:27,935 - INFO - Genius URL: https://genius.com/Taylor-swift-cardigan-lyrics
2024-10-14 13:22:27,940 - INFO - Successfully processed and saved track: cardigan by Taylor Swift
2024-10-14 13:22:27,940 - INFO - Processing track: Anti-Hero by Taylor Swift
2024-10-14 13:22:30,941 - INFO - Genius URL: https://genius.com/Taylor-swift-anti-hero-lyrics
2024-10-14 13:22:30,946 - INFO - Successfully processed and saved track: Anti-Hero by Taylor Swift
2024-10-14 13:22:30,946 - INFO - Processing track: Don’t Blame Me by Taylor Swift
2024-10-14 13:22:34,200 - INFO - Genius URL: https://genius.com/Taylor-swift-dont-blame-me-lyrics
2024-10-14 13:22:34,206 - INFO - Successfully processed and saved track: Don’t Blame Me by Taylor Swift
2024-10-14 13:22:34,206 - INFO - Processing track: Guilty as Sin? by Taylor Swift
2024-10-14 13:22:38,057 - INFO - Genius URL: https://genius.com/Taylor-swift-guilty-as-sin-lyrics
2024-10-14 13:22:38,062 - INFO - Successfully processed and saved track: Guilty as Sin? by Taylor Swift
2024-10-14 13:22:38,062 - INFO - Processing track: Down Bad by Taylor Swift
2024-10-14 13:22:40,170 - INFO - Genius URL: https://genius.com/Taylor-swift-down-bad-lyrics
2024-10-14 13:22:40,175 - INFO - Successfully processed and saved track: Down Bad by Taylor Swift
2024-10-14 13:22:40,175 - INFO - Processing track: Apocalypse by Cigarettes After Sex
2024-10-14 13:22:42,360 - INFO - Genius URL: https://genius.com/Cigarettes-after-sex-apocalypse-lyrics
2024-10-14 13:22:42,366 - INFO - Successfully processed and saved track: Apocalypse by Cigarettes After Sex
2024-10-14 13:22:42,366 - INFO - Processing track: Cry by Cigarettes After Sex
2024-10-14 13:22:44,112 - INFO - Genius URL: https://genius.com/Cigarettes-after-sex-cry-lyrics
2024-10-14 13:22:44,117 - INFO - Successfully processed and saved track: Cry by Cigarettes After Sex
2024-10-14 13:22:44,117 - INFO - Processing track: Sunsetz by Cigarettes After Sex
2024-10-14 13:22:46,692 - INFO - Genius URL: https://genius.com/Cigarettes-after-sex-sunsetz-lyrics
2024-10-14 13:22:46,698 - INFO - Successfully processed and saved track: Sunsetz by Cigarettes After Sex
2024-10-14 13:22:46,698 - INFO - Processing track: K. by Cigarettes After Sex
2024-10-14 13:22:49,363 - INFO - Genius URL: https://genius.com/Cigarettes-after-sex-k-lyrics
2024-10-14 13:22:49,367 - INFO - Successfully processed and saved track: K. by Cigarettes After Sex
2024-10-14 13:22:49,367 - INFO - Processing track: Sweet by Cigarettes After Sex
2024-10-14 13:22:51,982 - INFO - Genius URL: https://genius.com/Cigarettes-after-sex-sweet-lyrics
2024-10-14 13:22:51,989 - INFO - Successfully processed and saved track: Sweet by Cigarettes After Sex
2024-10-14 13:22:51,989 - INFO - Processing track: Heavenly by Cigarettes After Sex
2024-10-14 13:22:54,627 - INFO - Genius URL: https://genius.com/Cigarettes-after-sex-heavenly-lyrics
2024-10-14 13:22:54,633 - INFO - Successfully processed and saved track: Heavenly by Cigarettes After Sex
2024-10-14 13:22:54,633 - INFO - Processing track: Nothing's Gonna Hurt You Baby by Cigarettes After Sex
2024-10-14 13:22:57,239 - INFO - Genius URL: https://genius.com/Cigarettes-after-sex-nothings-gonna-hurt-you-baby-lyrics
2024-10-14 13:22:57,245 - INFO - Successfully processed and saved track: Nothing's Gonna Hurt You Baby by Cigarettes After Sex
2024-10-14 13:22:57,245 - INFO - Processing track: Falling In Love by Cigarettes After Sex
2024-10-14 13:22:59,887 - INFO - Genius URL: https://genius.com/Cigarettes-after-sex-falling-in-love-lyrics
2024-10-14 13:22:59,893 - INFO - Successfully processed and saved track: Falling In Love by Cigarettes After Sex
2024-10-14 13:22:59,893 - INFO - Processing track: Tejano Blue by Cigarettes After Sex
2024-10-14 13:23:03,065 - INFO - Genius URL: https://genius.com/Cigarettes-after-sex-tejano-blue-lyrics
2024-10-14 13:23:03,072 - INFO - Successfully processed and saved track: Tejano Blue by Cigarettes After Sex
2024-10-14 13:23:03,072 - INFO - Processing track: John Wayne by Cigarettes After Sex
2024-10-14 13:23:04,880 - INFO - Genius URL: https://genius.com/Cigarettes-after-sex-john-wayne-lyrics
2024-10-14 13:23:04,887 - INFO - Successfully processed and saved track: John Wayne by Cigarettes After Sex
2024-10-14 13:23:04,887 - INFO - Processing track: Who by Jimin (지민)
2024-10-14 13:23:06,921 - INFO - Genius URL: https://genius.com/Jimin-who-lyrics
2024-10-14 13:23:06,928 - INFO - Successfully processed and saved track: Who by Jimin (지민)
2024-10-14 13:23:06,928 - INFO - Processing track: Be Mine by Jimin (지민)
2024-10-14 13:23:10,340 - INFO - Genius URL: https://genius.com/Jimin-be-mine-lyrics
2024-10-14 13:23:10,346 - INFO - Successfully processed and saved track: Be Mine by Jimin (지민)
2024-10-14 13:23:10,346 - INFO - Processing track: Face Off by Jimin (지민)
2024-10-14 13:23:14,760 - INFO - Genius URL: https://genius.com/Jimin-face-off-lyrics
2024-10-14 13:23:14,766 - INFO - Successfully processed and saved track: Face Off by Jimin (지민)
2024-10-14 13:23:14,766 - INFO - Processing track: Like Crazy by Jimin (지민)
2024-10-14 13:23:18,562 - INFO - Genius URL: https://genius.com/Jimin-like-crazy-lyrics
2024-10-14 13:23:18,568 - INFO - Successfully processed and saved track: Like Crazy by Jimin (지민)
2024-10-14 13:23:18,569 - INFO - Processing track: Closer Than This by Jimin (지민)
2024-10-14 13:23:20,996 - INFO - Genius URL: https://genius.com/Jimin-closer-than-this-lyrics
2024-10-14 13:23:21,002 - INFO - Successfully processed and saved track: Closer Than This by Jimin (지민)
2024-10-14 13:23:21,002 - INFO - Processing track: Slow Dance by Jimin (지민)
2024-10-14 13:23:23,380 - INFO - Genius URL: https://genius.com/Jimin-slow-dance-lyrics
2024-10-14 13:23:23,385 - INFO - Successfully processed and saved track: Slow Dance by Jimin (지민)
2024-10-14 13:23:23,385 - INFO - Processing track: Rebirth (Intro) by Jimin (지민)
2024-10-14 13:23:27,035 - INFO - Genius URL: https://genius.com/Jimin-rebirth-intro-lyrics
2024-10-14 13:23:27,058 - INFO - Successfully processed and saved track: Rebirth (Intro) by Jimin (지민)
2024-10-14 13:23:27,058 - INFO - Processing track: Interlude : Showtime by Jimin (지민)
2024-10-14 13:23:28,798 - INFO - Genius URL: https://genius.com/Jimin-interlude-showtime-lyrics
2024-10-14 13:23:28,807 - INFO - Successfully processed and saved track: Interlude : Showtime by Jimin (지민)
2024-10-14 13:23:28,807 - INFO - Processing track: Angel Pt. 1 by Jimin (지민)
2024-10-14 13:23:31,245 - INFO - Genius URL: https://genius.com/Jimin-angel-pt-1-lyrics
2024-10-14 13:23:31,253 - INFO - Successfully processed and saved track: Angel Pt. 1 by Jimin (지민)
2024-10-14 13:23:31,253 - INFO - Processing track: Who (Acoustic Remix) by Jimin (지민)
2024-10-14 13:23:33,168 - INFO - Genius URL: https://genius.com/Jimin-who-acoustic-remix-lyrics
2024-10-14 13:23:33,173 - INFO - Successfully processed and saved track: Who (Acoustic Remix) by Jimin (지민)
