2024-10-09 10:47:33,150 [INFO] Lady Gaga: 452 songs - Spotify URL: https://open.spotify.com/artist/1HY2Jd0NmPuamShAr6KMms
2024-10-09 10:47:34,841 [INFO] Hayd: 4 songs - Spotify URL: https://open.spotify.com/artist/1adGvsK8A0XG2D18ufk7fZ
2024-10-09 10:47:48,495 [INFO] Justin Bieber: 337 songs - Spotify URL: https://open.spotify.com/artist/1uNFoZAHBGtllmzznpCI3s
2024-10-09 10:47:56,187 [INFO] The Kid LAROI: 121 songs - Spotify URL: https://open.spotify.com/artist/2tIP7SsRs7vjIcLrU85W8J
2024-10-09 10:48:23,688 [INFO] Ed Sheeran: 513 songs - Spotify URL: https://open.spotify.com/artist/6eUKZXaKkcviH0Ku9w2n3V
2024-10-09 10:48:36,077 [INFO] Charlie Puth: 175 songs - Spotify URL: https://open.spotify.com/artist/6VuMaDnrHyPL1p4EHjYLi7
2024-10-09 10:48:46,276 [INFO] Shawn Mendes: 231 songs - Spotify URL: https://open.spotify.com/artist/7n2wHs1TKAczGzO7Dd2rGr
2024-10-09 10:49:00,470 [INFO] JVKE: 104 songs - Spotify URL: https://open.spotify.com/artist/164Uj4eKjl6zTBKfJLFKKK
2024-10-09 10:49:11,137 [INFO] Lauv: 176 songs - Spotify URL: https://open.spotify.com/artist/5JZ7CnR6gTvEMKX4g70Amv
2024-10-09 10:49:15,263 [INFO] Stephen Sanchez: 60 songs - Spotify URL: https://open.spotify.com/artist/5XKFrudbV4IiuE5WuTPRmT
2024-10-09 10:49:21,081 [INFO] Benson Boone: 61 songs - Spotify URL: https://open.spotify.com/artist/22wbnEMDvgVIAGdFeek6ET
2024-10-09 10:49:23,186 [INFO] Harry Styles: 37 songs - Spotify URL: https://open.spotify.com/artist/6KImCVD70vtIoJWnq6nGn3
2024-10-09 10:49:28,443 [INFO] Conan Gray: 66 songs - Spotify URL: https://open.spotify.com/artist/4Uc8Dsxct0oMqx0P6i60ea
2024-10-09 10:49:32,614 [INFO] Chappell Roan: 35 songs - Spotify URL: https://open.spotify.com/artist/7GlBOeep6PqTfFi59PTUUN
2024-10-09 10:49:45,773 [INFO] Halsey: 319 songs - Spotify URL: https://open.spotify.com/artist/26VFTg2z8YR0cCuwLzESi2
2024-10-09 10:49:57,934 [INFO] Sabrina Carpenter: 176 songs - Spotify URL: https://open.spotify.com/artist/74KM79TiuVKeVCqs8QtB0B
2024-10-09 10:50:19,159 [INFO] Taylor Swift: 696 songs - Spotify URL: https://open.spotify.com/artist/06HL4z0CvFAxyc27GXpf02
2024-10-09 10:50:31,761 [INFO] Ariana Grande: 320 songs - Spotify URL: https://open.spotify.com/artist/66CXWjxzNUsdJxJ2JdwvnR
2024-10-09 10:50:42,378 [INFO] Sasha Alex Sloan: 112 songs - Spotify URL: https://open.spotify.com/artist/4xnihxcoXWK3UqryOSnbw5
2024-10-09 10:50:57,738 [INFO] Ali Gatie: 154 songs - Spotify URL: https://open.spotify.com/artist/4rTv3Ejc7hKMtmoBOK1B4T
2024-10-09 10:51:04,020 [INFO] Bruno Mars: 82 songs - Spotify URL: https://open.spotify.com/artist/0du5cEVh5yTK9QJze8zA0C
2024-10-09 10:51:28,829 [INFO] Dua Lipa: 331 songs - Spotify URL: https://open.spotify.com/artist/6M2wZ9GZgrQXHCFfjv46we
2024-10-09 10:51:35,631 [INFO] Billie Eilish: 82 songs - Spotify URL: https://open.spotify.com/artist/6qqNVTkY8uBg9cP3Jd7DAH
2024-10-09 10:51:52,705 [INFO] Katy Perry: 278 songs - Spotify URL: https://open.spotify.com/artist/6jJ0s89eD6GaHleKKya26X
2024-10-09 10:51:57,961 [INFO] David Kushner: 71 songs - Spotify URL: https://open.spotify.com/artist/33NVpKoXjItPwUJTMZIOiY
2024-10-09 10:52:02,061 [INFO] Myles Smith: 46 songs - Spotify URL: https://open.spotify.com/artist/3bO19AOone0ubCsfDXDtYt
2024-10-09 10:52:09,451 [INFO] FINNEAS: 83 songs - Spotify URL: https://open.spotify.com/artist/37M5pPGs6V1fchFJSgCguX
2024-10-09 10:52:19,730 [INFO] Post Malone: 265 songs - Spotify URL: https://open.spotify.com/artist/246dkjvS1zLTtiykXe5h60
2024-10-09 10:52:20,867 [INFO] SZA: 1 songs - Spotify URL: https://open.spotify.com/artist/7tYKF4w9nC0nq9CsPZTHyP
2024-10-09 10:52:28,743 [INFO] Hozier: 179 songs - Spotify URL: https://open.spotify.com/artist/2FXC3k01G6Gw61bmprjgqS
2024-10-09 10:52:45,140 [INFO] The Weeknd: 406 songs - Spotify URL: https://open.spotify.com/artist/1Xyo4u8uXC1ZmMpatF05PJ
2024-10-09 10:53:07,402 [INFO] Coldplay: 403 songs - Spotify URL: https://open.spotify.com/artist/4gzpq5DPGxSnKTe4SA8HAU
2024-10-09 10:53:16,484 [INFO] Tate McRae: 81 songs - Spotify URL: https://open.spotify.com/artist/45dkTj5sMRSjrmBSBeiHym
2024-10-09 10:53:20,486 [INFO] Frank Ocean: 47 songs - Spotify URL: https://open.spotify.com/artist/2h93pZq0e7k5yf4dywlkpM
2024-10-09 10:53:27,165 [INFO] Alec Benjamin: 105 songs - Spotify URL: https://open.spotify.com/artist/5IH6FPUwQTxPSXurCrcIov
2024-10-09 10:53:32,008 [INFO] Cigarettes After Sex: 52 songs - Spotify URL: https://open.spotify.com/artist/1QAJqy2dA3ihHBFIHRphZj
2024-10-09 10:53:35,966 [INFO] Gracie Abrams: 79 songs - Spotify URL: https://open.spotify.com/artist/4tuJ0bMpJh08umKkEXKUI5
2024-10-09 10:53:41,824 [INFO] Olivia Rodrigo: 95 songs - Spotify URL: https://open.spotify.com/artist/1McMsnEElThX1knmY4oliG
2024-10-09 10:53:51,788 [INFO] Michael Jackson: 652 songs - Spotify URL: https://open.spotify.com/artist/3fMbdgg4jU18AjLCKBhRSm
2024-10-09 10:54:18,149 [INFO] Future: 671 songs - Spotify URL: https://open.spotify.com/artist/1RyvyyTE3xzB2ZywiAwp0i
2024-10-09 10:54:27,263 [INFO] Miley Cyrus: 205 songs - Spotify URL: https://open.spotify.com/artist/5YGY8feqx7naU7z4HrwZM6
2024-10-09 10:54:40,777 [INFO] Doja Cat: 195 songs - Spotify URL: https://open.spotify.com/artist/5cj0lLjcoR7YOSnhnX0Po5
2024-10-09 10:54:59,621 [INFO] Karol G: 159 songs - Spotify URL: https://open.spotify.com/artist/790FomKkXshlbRYZFtlgla
2024-10-09 10:55:05,491 [INFO] Jimin: 71 songs - Spotify URL: https://open.spotify.com/artist/1oSPZhvZMIrWW5I41kPkkY
2024-10-09 10:55:20,434 [INFO] Lana Del Rey: 268 songs - Spotify URL: https://open.spotify.com/artist/00FQb4jTyendYWaN8pK0wa
2024-10-09 10:55:27,460 [INFO] Melanie Martinez: 140 songs - Spotify URL: https://open.spotify.com/artist/63yrD80RY3RNEM2YDpUpO8
2024-10-09 10:55:48,133 [INFO] Jennifer Lopez: 449 songs - Spotify URL: https://open.spotify.com/artist/2DlGxzQSjYe5N6G9nkYghR
2024-10-09 10:56:07,700 [INFO] Beyoncé: 502 songs - Spotify URL: https://open.spotify.com/artist/6vWDO969PvNqNYHIOW5v0m
2024-10-09 10:56:38,046 [INFO] Madonna: 1135 songs - Spotify URL: https://open.spotify.com/artist/6tbjWDEIzxoDsBA1FuhfPW
2024-10-09 10:56:51,218 [INFO] Britney Spears: 406 songs - Spotify URL: https://open.spotify.com/artist/26dSoYclwsYLMAKD3tpOr4
2024-10-09 10:57:01,625 [INFO] Justin Timberlake: 207 songs - Spotify URL: https://open.spotify.com/artist/31TPClRtHm23RisEBtV3X7
2024-10-09 10:57:22,882 [INFO] Elton John: 1076 songs - Spotify URL: https://open.spotify.com/artist/3PhoLpVuITZKcymswpck5b
2024-10-09 10:57:40,045 [INFO] Celine Dion: 730 songs - Spotify URL: https://open.spotify.com/artist/4S9EykWXhStSc15wEx8QFK
2024-10-09 10:57:52,093 [INFO] Prince: 203 songs - Spotify URL: https://open.spotify.com/artist/3MHaV05u0io8fQbZ2XPtlC
2024-10-09 10:58:15,475 [INFO] The Beach Boys: 1864 songs - Spotify URL: https://open.spotify.com/artist/3oDbviiivRWhXwIE8hxkVV
2024-10-09 10:58:29,619 [INFO] Selena Gomez: 199 songs - Spotify URL: https://open.spotify.com/artist/0C8ZW7ezQVs4URX5aX7Kqx
2024-10-09 10:58:45,326 [INFO] Janet Jackson: 557 songs - Spotify URL: https://open.spotify.com/artist/4qwGe91Bz9K2T8jXTZ815W
2024-10-09 10:58:47,421 [INFO] Adele: 31 songs - Spotify URL: https://open.spotify.com/artist/1d4uM0g9449nE9TV5KeWch
2024-10-09 10:58:55,219 [INFO] Backstreet Boys: 197 songs - Spotify URL: https://open.spotify.com/artist/5rSXSAkZ67PYJSvpUpkOr7
2024-10-09 10:59:08,863 [INFO] Christina Aguilera: 350 songs - Spotify URL: https://open.spotify.com/artist/1l7ZsJRRS8wlW3WfJfPfNS
2024-10-09 10:59:23,673 [INFO] Usher: 353 songs - Spotify URL: https://open.spotify.com/artist/23zg3TcAtWQy7J6upgbUnj
2024-10-09 10:59:32,678 [INFO] The Jackson 5: 429 songs - Spotify URL: https://open.spotify.com/artist/2iE18Oxc8YSumAU232n4rW
2024-10-09 10:59:38,967 [INFO] Pink: 82 songs - Spotify URL: https://open.spotify.com/artist/78rUTD7y6Cy67W1RVzYs7t
2024-10-09 11:00:06,271 [INFO] Kelly Clarkson: 483 songs - Spotify URL: https://open.spotify.com/artist/3BmGtnKgCSGYIUhmivXKWX
2024-10-09 11:00:14,660 [INFO] Jonas Brothers: 177 songs - Spotify URL: https://open.spotify.com/artist/7gOdHgIoIKoe4i9Tta6qdD
2024-10-09 11:00:15,413 [INFO] The Black Eyed Peas: 0 songs - Spotify URL: https://open.spotify.com/artist/1yxSLGMDHlW21z4YXirZDS
2024-10-09 11:00:22,565 [INFO] Spice Girls: 173 songs - Spotify URL: https://open.spotify.com/artist/0uq5PttqEjj3IH1bzwcrXF
2024-10-09 11:00:24,016 [INFO] Cher: 2 songs - Spotify URL: https://open.spotify.com/artist/72OaDtakiy6yFqkt4TsiFt
2024-10-09 11:00:37,743 [INFO] Shakira: 339 songs - Spotify URL: https://open.spotify.com/artist/0EmeFodog0BfCgMzAIvKQp
2024-10-09 11:00:47,432 [INFO] Gwen Stefani: 177 songs - Spotify URL: https://open.spotify.com/artist/4yiQZ8tQPux8cPriYMWUFP
2024-10-09 11:00:52,515 [INFO] 'N Sync: 190 songs - Spotify URL: https://open.spotify.com/artist/6Ff53KvcvAj5U7Z1vojB5o
2024-10-09 11:01:03,349 [INFO] Cyndi Lauper: 400 songs - Spotify URL: https://open.spotify.com/artist/2BTZIqw0ntH9MvilQ3ewNY
2024-10-09 11:01:08,085 [INFO] The 1975: 106 songs - Spotify URL: https://open.spotify.com/artist/3mIj9lX2MWuHmhNCA7LSCW
2024-10-09 11:01:15,353 [INFO] New Kids on the Block: - songs - Spotify URL: https://open.spotify.com/artist/55qiaow2sDYtjqu1mwRua6
2024-10-09 11:01:35,371 [INFO] Demi Lovato: 399 songs - Spotify URL: https://open.spotify.com/artist/6S2OmqARrzebs0tKUEyXyp
2024-10-09 11:01:46,856 [INFO] R. Kelly: 234 songs - Spotify URL: https://open.spotify.com/artist/3AuMNF8rQAKOzjYppFNAoB
2024-10-09 11:01:54,725 [INFO] Nick Jonas: 116 songs - Spotify URL: https://open.spotify.com/artist/4Rxn7Im3LGfyRkY2FlHhWi
2024-10-09 11:02:08,082 [INFO] Maroon 5: 366 songs - Spotify URL: https://open.spotify.com/artist/04gDigrS5kc9YWfZHwBETP
2024-10-09 11:02:34,608 [INFO] Chris Brown: 663 songs - Spotify URL: https://open.spotify.com/artist/7bXgB6jMjp9ATFy66eO08Z
2024-10-09 11:02:50,524 [INFO] Barry Manilow: 800 songs - Spotify URL: https://open.spotify.com/artist/3alW3LYQS8K29z8C8NSLIX
2024-10-09 11:02:54,395 [INFO] One Direction: 128 songs - Spotify URL: https://open.spotify.com/artist/4AK6F7OLvEQ5QYCBNiQWHq
2024-10-09 11:03:01,344 [INFO] Sinéad O'Connor: 166 songs - Spotify URL: https://open.spotify.com/artist/4sD9znwiVFx9cgRPZ42aQ1
2024-10-09 06:36:05,699 [INFO] Michael Bublé: 423 songs - Spotify URL: https://open.spotify.com/artist/1GxkXlMwML1oSg5eLPiAz3
2024-10-09 06:36:08,423 [INFO] Susan Boyle: 96 songs - Spotify URL: https://open.spotify.com/artist/1qAuetfG6mhtDgsVIffWQc
2024-10-09 06:36:13,649 [INFO] Smash Mouth: 173 songs - Spotify URL: https://open.spotify.com/artist/2iEvnFsWxR0Syqu2JNopAd
2024-10-09 06:36:17,989 [INFO] Steely Dan: 254 songs - Spotify URL: https://open.spotify.com/artist/6P7H3ai06vU1sGvdpBwDmE
2024-10-09 06:36:20,752 [INFO] Ashlee Simpson: 62 songs - Spotify URL: https://open.spotify.com/artist/4hqDqHtBlgxXpLXVYf7c8L
2024-10-09 06:36:23,893 [INFO] WHAM!: 116 songs - Spotify URL: https://open.spotify.com/artist/5lpH0xAS4fVfLkACg9DAuM
2024-10-09 06:36:28,341 [INFO] The Bangles: 141 songs - Spotify URL: https://open.spotify.com/artist/51l0uqRxGaczYr4271pVIC
2024-10-09 06:36:54,186 [INFO] Joni Mitchell: 783 songs - Spotify URL: https://open.spotify.com/artist/5hW4L92KnC6dX9t7tYM4Ve
2024-10-09 06:37:01,539 [INFO] Harry Connick, Jr.: 420 songs - Spotify URL: https://open.spotify.com/artist/6u17YlWtW4oqFF5Hn9UU79
2024-10-09 06:37:13,850 [INFO] OneRepublic: 281 songs - Spotify URL: https://open.spotify.com/artist/5Pwc4xIPtQLFEnJriah9YJ
2024-10-09 06:37:29,339 [INFO] Sam Smith: 374 songs - Spotify URL: https://open.spotify.com/artist/2wY79sveU1sp5g7SokKOiI
2024-10-09 06:37:49,095 [INFO] Rick Astley: 319 songs - Spotify URL: https://open.spotify.com/artist/0gxyHStUsqpMadRV0Di1Qt
2024-10-09 06:37:56,985 [INFO] Anne Murray: 603 songs - Spotify URL: https://open.spotify.com/artist/7d7q5Y1p2QWS4QRAhTQR5E
2024-10-09 06:37:57,834 [INFO] Sia: 1 songs - Spotify URL: https://open.spotify.com/artist/5WUlDfRSoLAfcVSX1WnrxN
2024-10-09 06:38:00,224 [INFO] Fiona Apple: 62 songs - Spotify URL: https://open.spotify.com/artist/3g2kUQ6tHLLbmkV7T4GPtL
2024-10-09 06:38:26,161 [INFO] Kylie Minogue: 1367 songs - Spotify URL: https://open.spotify.com/artist/4RVnAU35WRWra6OZ3CbbMA
2024-10-09 06:38:32,480 [INFO] Carly Rae Jepsen: 183 songs - Spotify URL: https://open.spotify.com/artist/6sFIWsNpZYqfjUpaCgueju
2024-10-09 06:38:34,428 [INFO] BTS: 56 songs - Spotify URL: https://open.spotify.com/artist/3kYFawNQVZ00FQbgs4rVBe
2024-10-09 06:38:43,749 [INFO] Ace of Base: 485 songs - Spotify URL: https://open.spotify.com/artist/5ksRONqssB7BR161NTtJAm
